── Daily collection ──
  ERROR [weather]: Server error '502 Bad Gateway' for url 'https://api.open-meteo.com/v1/forecast?latitude=-37.8136&longitude=144.9631&daily=temperature_2m_max%2Ctemperature_2m_min%2Ctemperature_2m_mean%2Cprecipitation_sum%2Crelative_humidity_2m_mean%2Cwindspeed_10m_max%2Cwinddirection_10m_dominant%2Cpressure_msl_mean%2Cuv_index_max%2Cshortwave_radiation_sum%2Ccloud_cover_mean&hourly=soil_temperature_0cm%2Csoil_moisture_0_to_1cm&timezone=Australia%2FSydney&start_date=2026-04-07&end_date=2026-04-07'
For more information check: https://developer.mozilla.org/en-US/docs/Web/HTTP/Status/502
  astronomy: 2026-04-07 — day length 688m50s
  uv: Melbourne UV=0.1 at 2026/04/06 20:59
  nature: 2425 observations from last 7 days
  melbourne_water: 0 water datasets available
  city_of_melbourne: 7 active microclimate sensors, 16 total
    Site 1012: lat=-37.813333, lon=144.97
    Site 1014: lat=-37.8175, lon=144.967222
    Site 1009: lat=-37.81686763, lon=144.96570467
  city_of_melbourne: 84 soil sensor sites
    Princes Park Oval 2 at Princes Park
    9th Fairway at Royal Park
    Bourke North 4 at None
  city_of_melbourne: 10 tree/canopy datasets available
    on-street-car-parking-sensor-data-2015: On-street Car Parking Sensor Data - 2015
    tree-canopies-2011-urban-forest: Tree canopies 2011 (Urban Forest)
    street-furniture-including-bollards-bicycle-rails-bins-drinking-fountains-horse-: Street furniture including bollards, bicycle rails, bins, drinking fountains, horse troughs, planter boxes, seats, barbecues
    on-street-car-parking-sensor-data-2019: On-street Car Parking Sensor Data - 2019
    on-street-car-parking-sensor-data-2018: On-street Car Parking Sensor Data - 2018

── Database totals ──
  daily_weather: 367
  astronomy: 367
  species_observations: 125,867
  uv_readings: 2
  air_quality: 0
  personal_observations: 0
  microseasons: 38
  signal_daily: 1

⚠ Errors in: weather
--- Tue Apr  7 07:01:08 AEST 2026 ---
